-------------------------------------------------------------------------------
Test set: com.vytrack.runners.CukesRunner
-------------------------------------------------------------------------------
Tests run: 3, Failures: 1, Errors: 0, Skipped: 0, Time elapsed: 118.566 s <<< FAILURE! - in com.vytrack.runners.CukesRunner
Sales manager user(Account Types)  Time elapsed: 36.926 s  <<< FAILURE!
java.lang.AssertionError

